#
# There is insufficient memory for the Java Runtime Environment to continue.
# Native memory allocation (mmap) failed to map 65536 bytes for Failed to commit area from 0x000001cdd4d60000 to 0x000001cdd4d70000 of length 65536.
# Possible reasons:
#   The system is out of physical RAM or swap space
#   The process is running with CompressedOops enabled, and the Java Heap may be blocking the growth of the native heap
# Possible solutions:
#   Reduce memory load on the system
#   Increase physical memory or swap space
#   Check if swap backing store is full
#   Decrease Java heap size (-Xmx/-Xms)
#   Decrease number of Java threads
#   Decrease Java thread stack sizes (-Xss)
#   Set larger code cache with -XX:ReservedCodeCacheSize=
# This output file may be truncated or incomplete.
#
#  Out of Memory Error (./src/hotspot/os/windows/os_windows.cpp:3301), pid=32736, tid=9688
#
# JRE version:  (11.0.10+8) (build )
# Java VM: OpenJDK 64-Bit Server VM (11.0.10+8-b1145.96, mixed mode, sharing, tiered, compressed oops, g1 gc, windows-amd64)
# No core dump will be written. Minidumps are not enabled by default on client versions of Windows
#

---------------  S U M M A R Y ------------

Command Line: org.jetbrains.git4idea.nativessh.GitNativeSshAskPassApp The authenticity of host 'git.lianqun.cc (120.27.63.149)' can't be established.
ED25519 key fingerprint is SHA256:fTb4BeLJIn7DWaNsN7Yijxi9sjgFAZaSCshqUUaWOGc.
This key is not known by any other names
Are you sure you want to continue connecting (yes/no/[fingerprint])? 

Host: AMD Ryzen 7 4800H with Radeon Graphics         , 16 cores, 15G,  Windows 10 , 64 bit Build 19041 (10.0.19041.1202)
Time: Mon Oct 11 15:21:54 2021 中国标准时间 elapsed time: 0.024325 seconds (0d 0h 0m 0s)

---------------  T H R E A D  ---------------

Current thread (0x000001cdbe080800):  JavaThread "Unknown thread" [_thread_in_vm, id=9688, stack(0x00000025a9600000,0x00000025a9700000)]

Stack: [0x00000025a9600000,0x00000025a9700000]
Native frames: (J=compiled Java code, j=interpreted, Vv=VM code, C=native code)
V  [jvm.dll+0x5ece6a]
V  [jvm.dll+0x722cd5]
V  [jvm.dll+0x72422d]
V  [jvm.dll+0x7248e3]
V  [jvm.dll+0x2428d8]
V  [jvm.dll+0x5ea244]
V  [jvm.dll+0x5df2e5]
V  [jvm.dll+0x2fdddb]
V  [jvm.dll+0x2fdd4a]
V  [jvm.dll+0x2fdc22]
V  [jvm.dll+0x302c15]
V  [jvm.dll+0x34b045]
V  [jvm.dll+0x34b736]
V  [jvm.dll+0x34b133]
V  [jvm.dll+0x2d87d8]
V  [jvm.dll+0x2d9987]
V  [jvm.dll+0x701817]
V  [jvm.dll+0x70300c]
V  [jvm.dll+0x3585a9]
V  [jvm.dll+0x6e516e]
V  [jvm.dll+0x3c09e3]
V  [jvm.dll+0x3c2c71]
C  [jli.dll+0x5373]
C  [ucrtbase.dll+0x21bb2]
C  [KERNEL32.DLL+0x17034]
C  [ntdll.dll+0x52651]


---------------  P R O C E S S  ---------------

Threads class SMR info:
_java_thread_list=0x000001cdbddb1530, length=0, elements={
}

Java Threads: ( => current thread )

Other Threads:
  0x000001cdbe096800 GCTaskThread "GC Thread#0" [stack: 0x00000025a9700000,0x00000025a9800000] [id=13656]
  0x000001cdbe0f4800 ConcurrentGCThread "G1 Main Marker" [stack: 0x00000025a9800000,0x00000025a9900000] [id=29588]
  0x000001cdbe0f9800 ConcurrentGCThread "G1 Conc#0" [stack: 0x00000025a9900000,0x00000025a9a00000] [id=26292]

[error occurred during error reporting (printing all threads), id 0xc0000005, EXCEPTION_ACCESS_VIOLATION (0xc0000005) at pc=0x00007ffb6dbf8db7]

VM state:not at safepoint (not fully initialized)

VM Mutex/Monitor currently owned by a thread:  ([mutex/lock_event])
[0x000001cdbe07e550] Heap_lock - owner thread: 0x000001cdbe080800

Heap address: 0x000000070a000000, size: 3936 MB, Compressed Oops mode: Non-zero based: 0x000000070a000000
Narrow klass base: 0x0000000000000000, Narrow klass shift: 0

GC Heap History (0 events):
No events

Deoptimization events (0 events):
No events

Classes redefined (0 events):
No events

Internal exceptions (0 events):
No events

Events (1 events):
Event: 0.013 Loaded shared library D:\WebStorm 2020.3.1\jbr\bin\zip.dll


Dynamic libraries:
0x00007ff6bcd10000 - 0x00007ff6bcd1a000 	D:\WebStorm 2020.3.1\jbr\bin\java.exe
0x00007ffbb4bd0000 - 0x00007ffbb4dc5000 	C:\WINDOWS\SYSTEM32\ntdll.dll
0x00007ffbb33e0000 - 0x00007ffbb349e000 	C:\WINDOWS\System32\KERNEL32.DLL
0x00007ffbb22f0000 - 0x00007ffbb25b9000 	C:\WINDOWS\System32\KERNELBASE.dll
0x00007ffbb2750000 - 0x00007ffbb2850000 	C:\WINDOWS\System32\ucrtbase.dll
0x00007ffbab7a0000 - 0x00007ffbab7b9000 	D:\WebStorm 2020.3.1\jbr\bin\jli.dll
0x00007ffbb3220000 - 0x00007ffbb33c1000 	C:\WINDOWS\System32\USER32.dll
0x00007ffbab780000 - 0x00007ffbab797000 	D:\WebStorm 2020.3.1\jbr\bin\VCRUNTIME140.dll
0x00007ffbb2a40000 - 0x00007ffbb2a62000 	C:\WINDOWS\System32\win32u.dll
0x00007ffbb31d0000 - 0x00007ffbb31fb000 	C:\WINDOWS\System32\GDI32.dll
0x00007ffb9c610000 - 0x00007ffb9c8aa000 	C:\WINDOWS\WinSxS\amd64_microsoft.windows.common-controls_6595b64144ccf1df_6.0.19041.1110_none_60b5254171f9507e\COMCTL32.dll
0x00007ffbb2b10000 - 0x00007ffbb2c1b000 	C:\WINDOWS\System32\gdi32full.dll
0x00007ffbb4460000 - 0x00007ffbb44fe000 	C:\WINDOWS\System32\msvcrt.dll
0x00007ffbb2a70000 - 0x00007ffbb2b0d000 	C:\WINDOWS\System32\msvcp_win.dll
0x00007ffbb4b60000 - 0x00007ffbb4b90000 	C:\WINDOWS\System32\IMM32.DLL
0x00007ffb86760000 - 0x00007ffb867fd000 	D:\WebStorm 2020.3.1\jbr\bin\msvcp140.dll
0x00007ffb6d910000 - 0x00007ffb6e3e0000 	D:\WebStorm 2020.3.1\jbr\bin\server\jvm.dll
0x00007ffbb3c70000 - 0x00007ffbb3d1c000 	C:\WINDOWS\System32\ADVAPI32.dll
0x00007ffbb48d0000 - 0x00007ffbb496b000 	C:\WINDOWS\System32\sechost.dll
0x00007ffbb3ad0000 - 0x00007ffbb3bfa000 	C:\WINDOWS\System32\RPCRT4.dll
0x00007ffbb33d0000 - 0x00007ffbb33d8000 	C:\WINDOWS\System32\PSAPI.DLL
0x00007ffba75b0000 - 0x00007ffba75d7000 	C:\WINDOWS\SYSTEM32\WINMM.dll
0x00007ffbade10000 - 0x00007ffbade19000 	C:\WINDOWS\SYSTEM32\WSOCK32.dll
0x00007ffba96f0000 - 0x00007ffba96fa000 	C:\WINDOWS\SYSTEM32\VERSION.dll
0x00007ffbb3c00000 - 0x00007ffbb3c6b000 	C:\WINDOWS\System32\WS2_32.dll
0x00007ffbb0b30000 - 0x00007ffbb0b42000 	C:\WINDOWS\SYSTEM32\kernel.appcore.dll
0x00007ffbaddf0000 - 0x00007ffbade01000 	D:\WebStorm 2020.3.1\jbr\bin\verify.dll
0x00007ffbb0910000 - 0x00007ffbb0af4000 	C:\WINDOWS\SYSTEM32\DBGHELP.DLL
0x00007ffba6fc0000 - 0x00007ffba6fec000 	C:\WINDOWS\SYSTEM32\dbgcore.DLL
0x00007ffbb2670000 - 0x00007ffbb26f3000 	C:\WINDOWS\System32\bcryptPrimitives.dll
0x00007ffbad690000 - 0x00007ffbad6b9000 	D:\WebStorm 2020.3.1\jbr\bin\java.dll
0x00007ffbadde0000 - 0x00007ffbaddeb000 	D:\WebStorm 2020.3.1\jbr\bin\jimage.dll
0x00007ffbad640000 - 0x00007ffbad658000 	D:\WebStorm 2020.3.1\jbr\bin\zip.dll

dbghelp: loaded successfully - version: 4.0.5 - missing functions: none
symbol engine: initialized successfully - sym options: 0x614 - pdb path: .;D:\WebStorm 2020.3.1\jbr\bin;C:\WINDOWS\SYSTEM32;C:\WINDOWS\WinSxS\amd64_microsoft.windows.common-controls_6595b64144ccf1df_6.0.19041.1110_none_60b5254171f9507e;D:\WebStorm 2020.3.1\jbr\bin\server

VM Arguments:
java_command: org.jetbrains.git4idea.nativessh.GitNativeSshAskPassApp The authenticity of host 'git.lianqun.cc (120.27.63.149)' can't be established.
ED25519 key fingerprint is SHA256:fTb4BeLJIn7DWaNsN7Yijxi9sjgFAZaSCshqUUaWOGc.
This key is not known by any other names
Are you sure you want to continue connecting (yes/no/[fingerprint])? 
java_class_path (initial): D:/WebStorm 2020.3.1/plugins/git4idea/lib/git4idea-rt.jar;D:/WebStorm 2020.3.1/lib/xmlrpc-2.0.1.jar;D:/WebStorm 2020.3.1/lib/commons-codec-1.14.jar
Launcher Type: SUN_STANDARD

[Global flags]
     intx CICompilerCount                          = 12                                        {product} {ergonomic}
     uint ConcGCThreads                            = 3                                         {product} {ergonomic}
     uint G1ConcRefinementThreads                  = 13                                        {product} {ergonomic}
   size_t G1HeapRegionSize                         = 1048576                                   {product} {ergonomic}
    uintx GCDrainStackTargetSize                   = 64                                        {product} {ergonomic}
   size_t InitialHeapSize                          = 257949696                                 {product} {ergonomic}
   size_t MarkStackSize                            = 4194304                                   {product} {ergonomic}
   size_t MaxHeapSize                              = 4127195136                                {product} {ergonomic}
   size_t MinHeapDeltaBytes                        = 1048576                                   {product} {ergonomic}
    uintx NonNMethodCodeHeapSize                   = 7594288                                {pd product} {ergonomic}
    uintx NonProfiledCodeHeapSize                  = 122031976                              {pd product} {ergonomic}
    uintx ProfiledCodeHeapSize                     = 122031976                              {pd product} {ergonomic}
    uintx ReservedCodeCacheSize                    = 251658240                              {pd product} {ergonomic}
     bool SegmentedCodeCache                       = true                                      {product} {ergonomic}
     bool UseCompressedClassPointers               = true                                 {lp64_product} {ergonomic}
     bool UseCompressedOops                        = true                                 {lp64_product} {ergonomic}
     bool UseG1GC                                  = true                                      {product} {ergonomic}
     bool UseLargePagesIndividualAllocation        = false                                  {pd product} {ergonomic}

Logging:
Log output configuration:
 #0: stdout all=warning uptime,level,tags
 #1: stderr all=off uptime,level,tags

Environment Variables:
PATH=D:\GitTT\mingw64\libexec\git-core;D:\GitTT\mingw64\bin;D:\GitTT\usr\bin;C:\Users\99708\bin;C:\Program Files\Common Files\Oracle\Java\javapath;C:\Program Files (x86)\Razer Chroma SDK\bin;C:\Program Files\Razer Chroma SDK\bin;C:\Program Files (x86)\Razer\ChromaBroadcast\bin;C:\Program Files\Razer\ChromaBroadcast\bin;C:\Windows\system32;C:\Windows;C:\Windows\System32\Wbem;C:\Windows\System32\WindowsPowerShell\v1.0;C:\Windows\System32\OpenSSH;C:\Program Files (x86)\NVIDIA Corporation\PhysX\Common;C:\Program Files\NVIDIA Corporation\NVIDIA NvDLISR;C:\Windows\system32\config\systemprofile\AppData\Local\Microsoft\WindowsApps;D:\Node;C:\Program Files\MongoDB\Server\4.2\bin;C:\Android;C:\Program Files (x86)\Yarn\bin;D:\go\bin;D:\GitTT\cmd;C:\WINDOWS\system32;C:\WINDOWS;C:\WINDOWS\System32\Wbem;C:\WINDOWS\System32\WindowsPowerShell\v1.0;C:\WINDOWS\System32\OpenSSH;D:\geth;C:\Program Files\Docker\Docker\resources\bin;C:\ProgramData\DockerDesktop\version-bin;C:\Users\99708\.cargo\bin;D:\python\Scripts;D:\python;C:\Program Files\MySQL\MySQL Shell 8.0\bin;C:\Users\99708\AppData\Local\Microsoft\WindowsApps;C:\Users\99708\AppData\Roaming\npm;D:\Microsoft VS Code\bin;C:\Users\99708\AppData\Local\Yarn\bin;C:\Users\99708\go\bin
USERNAME=99708
DISPLAY=:0.0
LC_ALL=en_US.UTF-8
OS=Windows_NT
PROCESSOR_IDENTIFIER=AMD64 Family 23 Model 96 Stepping 1, AuthenticAMD



---------------  S Y S T E M  ---------------

OS: Windows 10 , 64 bit Build 19041 (10.0.19041.1202)
OS uptime: 3 days 23:21 hours
Hyper-V role detected

CPU:total 16 (initial active 16) (16 cores per cpu, 2 threads per core) family 23 model 96 stepping 1 microcode 0x0, cmov, cx8, fxsr, mmx, sse, sse2, sse3, ssse3, sse4.1, sse4.2, popcnt, avx, avx2, aes, clmul, mmxext, 3dnowpref, lzcnt, sse4a, ht, tsc, tscinvbit, tscinv, bmi1, bmi2, adx, 

Memory: 4k page, system-wide physical 15741M (3888M free)
TotalPageFile size 23933M (AvailPageFile size 4M)
current process WorkingSet (physical memory assigned to process): 10M, peak: 10M
current process commit charge ("private bytes"): 319M, peak: 319M

vm_info: OpenJDK 64-Bit Server VM (11.0.10+8-b1145.96) for windows-amd64 JRE (11.0.10+8-b1145.96), built on Feb 18 2021 01:38:16 by "" with MS VC++ 14.0 (VS2015)

END.
